#-----------------------------------------------------------
# Vivado v2020.2 (64-bit)
# SW Build 3064766 on Wed Nov 18 09:12:45 MST 2020
# IP Build 3064653 on Wed Nov 18 14:17:31 MST 2020
# Start of session at: Tue Apr 27 18:47:48 2021
# Process ID: 5944
# Current directory: C:/Users/PC/Documents/VUT/Digitlnelektronika1/Cvika/Digital-electronics-1-Project/Door lock system
# Command line: vivado.exe -gui_launcher_event rodinguilauncherevent10372 C:\Users\PC\Documents\VUT\Digitlnelektronika1\Cvika\Digital-electronics-1-Project\Door lock system\Door lock system.xpr
# Log file: C:/Users/PC/Documents/VUT/Digitlnelektronika1/Cvika/Digital-electronics-1-Project/Door lock system/vivado.log
# Journal file: C:/Users/PC/Documents/VUT/Digitlnelektronika1/Cvika/Digital-electronics-1-Project/Door lock system\vivado.jou
#-----------------------------------------------------------
start_gui
open_project {C:/Users/PC/Documents/VUT/Digitlnelektronika1/Cvika/Digital-electronics-1-Project/Door lock system/Door lock system.xpr}
INFO: [ProjectBase 1-489] The host OS only allows 260 characters in a normal path. The project is stored in a path with more than 80 characters. If you experience issues with IP, Block Designs, or files not being found, please consider moving the project to a location with a shorter path. Alternately consider using the OS subst command to map part of the path to a drive letter.
Current project path is 'C:/Users/PC/Documents/VUT/Digitlnelektronika1/Cvika/Digital-electronics-1-Project/Door lock system'
WARNING: [filemgmt 56-3] Default IP Output Path : Could not find the directory 'C:/Users/PC/Documents/VUT/Digitlnelektronika1/Cvika/Digital-electronics-1-Project/Door lock system/Door lock system.gen/sources_1'.
Scanning sources...
Finished scanning sources
INFO: [IP_Flow 19-234] Refreshing IP repositories
INFO: [IP_Flow 19-1704] No user IP repositories specified
INFO: [IP_Flow 19-2313] Loaded Vivado IP repository 'C:/Xilinx/Vivado/2020.2/data/ip'.
open_project: Time (s): cpu = 00:00:19 ; elapsed = 00:00:16 . Memory (MB): peak = 1194.992 ; gain = 0.000
